mode: set
github.com/fajaramaulana/auth-serivce-payment/internal/config/config.go:20.50,22.2 1 0
github.com/fajaramaulana/auth-serivce-payment/internal/config/config.go:24.57,26.2 1 0
github.com/fajaramaulana/auth-serivce-payment/internal/config/config.go:28.35,30.49 2 0
github.com/fajaramaulana/auth-serivce-payment/internal/config/config.go:30.49,32.3 1 0
github.com/fajaramaulana/auth-serivce-payment/internal/config/config.go:34.2,34.22 1 0
github.com/fajaramaulana/auth-serivce-payment/internal/config/config.go:37.33,39.16 2 0
github.com/fajaramaulana/auth-serivce-payment/internal/config/config.go:39.16,41.3 1 0
github.com/fajaramaulana/auth-serivce-payment/internal/config/config.go:44.2,47.22 3 0
github.com/fajaramaulana/auth-serivce-payment/internal/config/mysql.go:11.53,19.16 7 0
github.com/fajaramaulana/auth-serivce-payment/internal/config/mysql.go:19.16,21.3 1 0
github.com/fajaramaulana/auth-serivce-payment/internal/config/mysql.go:22.2,26.16 4 0
github.com/fajaramaulana/auth-serivce-payment/internal/config/mysql.go:26.16,28.3 1 0
github.com/fajaramaulana/auth-serivce-payment/internal/config/mysql.go:30.2,30.16 1 0
github.com/fajaramaulana/auth-serivce-payment/cmd/auth/mocks/mock_config.go:11.45,14.2 2 0
github.com/fajaramaulana/auth-serivce-payment/cmd/auth/mocks/mock_config.go:16.45,18.2 1 0
github.com/fajaramaulana/auth-serivce-payment/cmd/auth/mocks/mock_database.go:10.38,13.2 2 0
github.com/fajaramaulana/auth-serivce-payment/cmd/auth/main.go:18.49,20.2 1 0
github.com/fajaramaulana/auth-serivce-payment/cmd/auth/main.go:22.13,27.2 3 1
github.com/fajaramaulana/auth-serivce-payment/cmd/auth/main.go:29.138,43.16 7 1
github.com/fajaramaulana/auth-serivce-payment/cmd/auth/main.go:43.16,45.3 1 1
github.com/fajaramaulana/auth-serivce-payment/cmd/auth/main.go:47.2,47.34 1 1
github.com/fajaramaulana/auth-serivce-payment/cmd/auth/main.go:50.13,53.80 3 0
github.com/fajaramaulana/auth-serivce-payment/cmd/auth/main.go:53.80,55.3 1 0
github.com/fajaramaulana/auth-serivce-payment/cmd/auth/main.go:58.131,61.16 2 1
github.com/fajaramaulana/auth-serivce-payment/cmd/auth/main.go:61.16,63.3 1 1
github.com/fajaramaulana/auth-serivce-payment/cmd/auth/main.go:66.2,66.15 1 1
github.com/fajaramaulana/auth-serivce-payment/cmd/auth/main.go:66.15,67.16 1 1
github.com/fajaramaulana/auth-serivce-payment/cmd/auth/main.go:67.16,69.4 1 1
github.com/fajaramaulana/auth-serivce-payment/cmd/auth/main.go:73.2,74.16 2 1
github.com/fajaramaulana/auth-serivce-payment/cmd/auth/main.go:74.16,76.3 1 1
github.com/fajaramaulana/auth-serivce-payment/cmd/auth/main.go:77.2,80.12 2 1
github.com/fajaramaulana/auth-serivce-payment/cmd/auth/mocks/mock_config.go:11.45,14.2 2 0
github.com/fajaramaulana/auth-serivce-payment/cmd/auth/mocks/mock_config.go:16.45,18.2 1 0
github.com/fajaramaulana/auth-serivce-payment/cmd/auth/mocks/mock_database.go:10.38,13.2 2 0
github.com/fajaramaulana/auth-serivce-payment/internal/config/config.go:20.50,22.2 1 0
github.com/fajaramaulana/auth-serivce-payment/internal/config/config.go:24.57,26.2 1 0
github.com/fajaramaulana/auth-serivce-payment/internal/config/config.go:28.35,30.49 2 0
github.com/fajaramaulana/auth-serivce-payment/internal/config/config.go:30.49,32.3 1 0
github.com/fajaramaulana/auth-serivce-payment/internal/config/config.go:34.2,34.22 1 0
github.com/fajaramaulana/auth-serivce-payment/internal/config/config.go:37.33,39.16 2 0
github.com/fajaramaulana/auth-serivce-payment/internal/config/config.go:39.16,41.3 1 0
github.com/fajaramaulana/auth-serivce-payment/internal/config/config.go:44.2,47.22 3 0
github.com/fajaramaulana/auth-serivce-payment/internal/config/mysql.go:11.53,19.16 7 0
github.com/fajaramaulana/auth-serivce-payment/internal/config/mysql.go:19.16,21.3 1 0
github.com/fajaramaulana/auth-serivce-payment/internal/config/mysql.go:22.2,26.16 4 0
github.com/fajaramaulana/auth-serivce-payment/internal/config/mysql.go:26.16,28.3 1 0
github.com/fajaramaulana/auth-serivce-payment/internal/config/mysql.go:30.2,30.16 1 0
github.com/fajaramaulana/auth-serivce-payment/internal/service/auth_service_impl.go:24.102,29.2 1 1
github.com/fajaramaulana/auth-serivce-payment/internal/service/auth_service_impl.go:31.111,35.16 3 0
github.com/fajaramaulana/auth-serivce-payment/internal/service/auth_service_impl.go:35.16,38.3 2 0
github.com/fajaramaulana/auth-serivce-payment/internal/service/auth_service_impl.go:40.2,40.17 1 0
github.com/fajaramaulana/auth-serivce-payment/internal/service/auth_service_impl.go:40.17,43.3 2 0
github.com/fajaramaulana/auth-serivce-payment/internal/service/auth_service_impl.go:46.2,46.104 1 0
github.com/fajaramaulana/auth-serivce-payment/internal/service/auth_service_impl.go:46.104,49.3 2 0
github.com/fajaramaulana/auth-serivce-payment/internal/service/auth_service_impl.go:51.2,52.16 2 0
github.com/fajaramaulana/auth-serivce-payment/internal/service/auth_service_impl.go:52.16,55.3 2 0
github.com/fajaramaulana/auth-serivce-payment/internal/service/auth_service_impl.go:57.2,58.16 2 0
github.com/fajaramaulana/auth-serivce-payment/internal/service/auth_service_impl.go:58.16,61.3 2 0
github.com/fajaramaulana/auth-serivce-payment/internal/service/auth_service_impl.go:63.2,64.139 2 0
github.com/fajaramaulana/auth-serivce-payment/internal/service/auth_service_impl.go:67.120,71.16 3 0
github.com/fajaramaulana/auth-serivce-payment/internal/service/auth_service_impl.go:71.16,74.3 2 0
github.com/fajaramaulana/auth-serivce-payment/internal/service/auth_service_impl.go:76.2,76.19 1 0
github.com/fajaramaulana/auth-serivce-payment/internal/service/auth_service_impl.go:76.19,79.3 2 0
github.com/fajaramaulana/auth-serivce-payment/internal/service/auth_service_impl.go:81.2,82.16 2 0
github.com/fajaramaulana/auth-serivce-payment/internal/service/auth_service_impl.go:82.16,85.3 2 0
github.com/fajaramaulana/auth-serivce-payment/internal/service/auth_service_impl.go:87.2,87.16 1 0
github.com/fajaramaulana/auth-serivce-payment/internal/service/auth_service_impl.go:87.16,90.3 2 0
github.com/fajaramaulana/auth-serivce-payment/internal/service/auth_service_impl.go:93.2,94.16 2 0
github.com/fajaramaulana/auth-serivce-payment/internal/service/auth_service_impl.go:94.16,97.3 2 0
github.com/fajaramaulana/auth-serivce-payment/internal/service/auth_service_impl.go:100.2,101.16 2 0
github.com/fajaramaulana/auth-serivce-payment/internal/service/auth_service_impl.go:101.16,104.3 2 0
github.com/fajaramaulana/auth-serivce-payment/internal/service/auth_service_impl.go:107.2,118.16 3 0
github.com/fajaramaulana/auth-serivce-payment/internal/service/auth_service_impl.go:118.16,121.3 2 0
github.com/fajaramaulana/auth-serivce-payment/internal/service/auth_service_impl.go:122.2,123.16 2 0
github.com/fajaramaulana/auth-serivce-payment/internal/service/auth_service_impl.go:123.16,126.3 2 0
github.com/fajaramaulana/auth-serivce-payment/internal/service/auth_service_impl.go:129.2,131.16 3 0
github.com/fajaramaulana/auth-serivce-payment/internal/service/auth_service_impl.go:131.16,134.3 2 0
github.com/fajaramaulana/auth-serivce-payment/internal/service/auth_service_impl.go:136.2,137.16 2 0
github.com/fajaramaulana/auth-serivce-payment/internal/service/auth_service_impl.go:137.16,140.3 2 0
github.com/fajaramaulana/auth-serivce-payment/internal/service/auth_service_impl.go:142.2,144.149 2 0
github.com/fajaramaulana/auth-serivce-payment/internal/service/auth_service_impl.go:147.128,151.16 3 0
github.com/fajaramaulana/auth-serivce-payment/internal/service/auth_service_impl.go:151.16,154.3 2 0
github.com/fajaramaulana/auth-serivce-payment/internal/service/auth_service_impl.go:156.2,156.19 1 0
github.com/fajaramaulana/auth-serivce-payment/internal/service/auth_service_impl.go:156.19,159.3 2 0
github.com/fajaramaulana/auth-serivce-payment/internal/service/auth_service_impl.go:162.2,163.16 2 0
github.com/fajaramaulana/auth-serivce-payment/internal/service/auth_service_impl.go:163.16,166.3 2 0
github.com/fajaramaulana/auth-serivce-payment/internal/service/auth_service_impl.go:168.2,168.24 1 0
github.com/fajaramaulana/auth-serivce-payment/internal/service/auth_service_impl.go:168.24,171.3 2 0
github.com/fajaramaulana/auth-serivce-payment/internal/service/auth_service_impl.go:173.2,175.16 2 0
github.com/fajaramaulana/auth-serivce-payment/internal/service/auth_service_impl.go:175.16,178.3 2 0
github.com/fajaramaulana/auth-serivce-payment/internal/service/auth_service_impl.go:180.2,182.167 2 0
github.com/fajaramaulana/auth-serivce-payment/internal/utils/token.go:23.113,36.16 4 0
github.com/fajaramaulana/auth-serivce-payment/internal/utils/token.go:36.16,38.3 1 0
github.com/fajaramaulana/auth-serivce-payment/internal/utils/token.go:41.2,52.16 4 0
github.com/fajaramaulana/auth-serivce-payment/internal/utils/token.go:52.16,54.3 1 0
github.com/fajaramaulana/auth-serivce-payment/internal/utils/token.go:56.2,56.51 1 0
github.com/fajaramaulana/auth-serivce-payment/internal/utils/token.go:60.78,62.110 1 0
github.com/fajaramaulana/auth-serivce-payment/internal/utils/token.go:62.110,64.58 1 0
github.com/fajaramaulana/auth-serivce-payment/internal/utils/token.go:64.58,66.4 1 0
github.com/fajaramaulana/auth-serivce-payment/internal/utils/token.go:67.3,67.32 1 0
github.com/fajaramaulana/auth-serivce-payment/internal/utils/token.go:70.2,70.16 1 0
github.com/fajaramaulana/auth-serivce-payment/internal/utils/token.go:70.16,72.3 1 0
github.com/fajaramaulana/auth-serivce-payment/internal/utils/token.go:75.2,75.67 1 0
github.com/fajaramaulana/auth-serivce-payment/internal/utils/token.go:75.67,77.3 1 0
github.com/fajaramaulana/auth-serivce-payment/internal/utils/token.go:79.2,79.41 1 0
github.com/fajaramaulana/auth-serivce-payment/internal/service/auth_service_impl.go:24.102,29.2 1 0
github.com/fajaramaulana/auth-serivce-payment/internal/service/auth_service_impl.go:31.111,35.16 3 0
github.com/fajaramaulana/auth-serivce-payment/internal/service/auth_service_impl.go:35.16,38.3 2 0
github.com/fajaramaulana/auth-serivce-payment/internal/service/auth_service_impl.go:40.2,40.17 1 0
github.com/fajaramaulana/auth-serivce-payment/internal/service/auth_service_impl.go:40.17,43.3 2 0
github.com/fajaramaulana/auth-serivce-payment/internal/service/auth_service_impl.go:46.2,46.104 1 0
github.com/fajaramaulana/auth-serivce-payment/internal/service/auth_service_impl.go:46.104,49.3 2 0
github.com/fajaramaulana/auth-serivce-payment/internal/service/auth_service_impl.go:51.2,52.16 2 0
github.com/fajaramaulana/auth-serivce-payment/internal/service/auth_service_impl.go:52.16,55.3 2 0
github.com/fajaramaulana/auth-serivce-payment/internal/service/auth_service_impl.go:57.2,58.16 2 0
github.com/fajaramaulana/auth-serivce-payment/internal/service/auth_service_impl.go:58.16,61.3 2 0
github.com/fajaramaulana/auth-serivce-payment/internal/service/auth_service_impl.go:63.2,64.139 2 0
github.com/fajaramaulana/auth-serivce-payment/internal/service/auth_service_impl.go:67.120,71.16 3 0
github.com/fajaramaulana/auth-serivce-payment/internal/service/auth_service_impl.go:71.16,74.3 2 0
github.com/fajaramaulana/auth-serivce-payment/internal/service/auth_service_impl.go:76.2,76.19 1 0
github.com/fajaramaulana/auth-serivce-payment/internal/service/auth_service_impl.go:76.19,79.3 2 0
github.com/fajaramaulana/auth-serivce-payment/internal/service/auth_service_impl.go:81.2,82.16 2 0
github.com/fajaramaulana/auth-serivce-payment/internal/service/auth_service_impl.go:82.16,85.3 2 0
github.com/fajaramaulana/auth-serivce-payment/internal/service/auth_service_impl.go:87.2,87.16 1 0
github.com/fajaramaulana/auth-serivce-payment/internal/service/auth_service_impl.go:87.16,90.3 2 0
github.com/fajaramaulana/auth-serivce-payment/internal/service/auth_service_impl.go:93.2,94.16 2 0
github.com/fajaramaulana/auth-serivce-payment/internal/service/auth_service_impl.go:94.16,97.3 2 0
github.com/fajaramaulana/auth-serivce-payment/internal/service/auth_service_impl.go:100.2,101.16 2 0
github.com/fajaramaulana/auth-serivce-payment/internal/service/auth_service_impl.go:101.16,104.3 2 0
github.com/fajaramaulana/auth-serivce-payment/internal/service/auth_service_impl.go:107.2,118.16 3 0
github.com/fajaramaulana/auth-serivce-payment/internal/service/auth_service_impl.go:118.16,121.3 2 0
github.com/fajaramaulana/auth-serivce-payment/internal/service/auth_service_impl.go:122.2,123.16 2 0
github.com/fajaramaulana/auth-serivce-payment/internal/service/auth_service_impl.go:123.16,126.3 2 0
github.com/fajaramaulana/auth-serivce-payment/internal/service/auth_service_impl.go:129.2,131.16 3 0
github.com/fajaramaulana/auth-serivce-payment/internal/service/auth_service_impl.go:131.16,134.3 2 0
github.com/fajaramaulana/auth-serivce-payment/internal/service/auth_service_impl.go:136.2,137.16 2 0
github.com/fajaramaulana/auth-serivce-payment/internal/service/auth_service_impl.go:137.16,140.3 2 0
github.com/fajaramaulana/auth-serivce-payment/internal/service/auth_service_impl.go:142.2,144.149 2 0
github.com/fajaramaulana/auth-serivce-payment/internal/service/auth_service_impl.go:147.128,151.16 3 0
github.com/fajaramaulana/auth-serivce-payment/internal/service/auth_service_impl.go:151.16,154.3 2 0
github.com/fajaramaulana/auth-serivce-payment/internal/service/auth_service_impl.go:156.2,156.19 1 0
github.com/fajaramaulana/auth-serivce-payment/internal/service/auth_service_impl.go:156.19,159.3 2 0
github.com/fajaramaulana/auth-serivce-payment/internal/service/auth_service_impl.go:162.2,163.16 2 0
github.com/fajaramaulana/auth-serivce-payment/internal/service/auth_service_impl.go:163.16,166.3 2 0
github.com/fajaramaulana/auth-serivce-payment/internal/service/auth_service_impl.go:168.2,168.24 1 0
github.com/fajaramaulana/auth-serivce-payment/internal/service/auth_service_impl.go:168.24,171.3 2 0
github.com/fajaramaulana/auth-serivce-payment/internal/service/auth_service_impl.go:173.2,175.16 2 0
github.com/fajaramaulana/auth-serivce-payment/internal/service/auth_service_impl.go:175.16,178.3 2 0
github.com/fajaramaulana/auth-serivce-payment/internal/service/auth_service_impl.go:180.2,182.167 2 0
github.com/fajaramaulana/auth-serivce-payment/internal/utils/token.go:23.113,36.16 4 0
github.com/fajaramaulana/auth-serivce-payment/internal/utils/token.go:36.16,38.3 1 0
github.com/fajaramaulana/auth-serivce-payment/internal/utils/token.go:41.2,52.16 4 0
github.com/fajaramaulana/auth-serivce-payment/internal/utils/token.go:52.16,54.3 1 0
github.com/fajaramaulana/auth-serivce-payment/internal/utils/token.go:56.2,56.51 1 0
github.com/fajaramaulana/auth-serivce-payment/internal/utils/token.go:60.78,62.110 1 0
github.com/fajaramaulana/auth-serivce-payment/internal/utils/token.go:62.110,64.58 1 0
github.com/fajaramaulana/auth-serivce-payment/internal/utils/token.go:64.58,66.4 1 0
github.com/fajaramaulana/auth-serivce-payment/internal/utils/token.go:67.3,67.32 1 0
github.com/fajaramaulana/auth-serivce-payment/internal/utils/token.go:70.2,70.16 1 0
github.com/fajaramaulana/auth-serivce-payment/internal/utils/token.go:70.16,72.3 1 0
github.com/fajaramaulana/auth-serivce-payment/internal/utils/token.go:75.2,75.67 1 0
github.com/fajaramaulana/auth-serivce-payment/internal/utils/token.go:75.67,77.3 1 0
github.com/fajaramaulana/auth-serivce-payment/internal/utils/token.go:79.2,79.41 1 0
github.com/fajaramaulana/auth-serivce-payment/internal/repository/auth_repository_impl.go:13.51,15.2 1 1
github.com/fajaramaulana/auth-serivce-payment/internal/repository/auth_repository_impl.go:17.98,22.88 4 1
github.com/fajaramaulana/auth-serivce-payment/internal/repository/auth_repository_impl.go:22.88,23.27 1 1
github.com/fajaramaulana/auth-serivce-payment/internal/repository/auth_repository_impl.go:23.27,25.4 1 1
github.com/fajaramaulana/auth-serivce-payment/internal/repository/auth_repository_impl.go:26.3,26.18 1 0
github.com/fajaramaulana/auth-serivce-payment/internal/repository/auth_repository_impl.go:28.2,28.19 1 1
github.com/fajaramaulana/auth-serivce-payment/internal/repository/auth_repository_impl.go:32.92,37.88 4 1
github.com/fajaramaulana/auth-serivce-payment/internal/repository/auth_repository_impl.go:37.88,38.27 1 1
github.com/fajaramaulana/auth-serivce-payment/internal/repository/auth_repository_impl.go:38.27,40.4 1 1
github.com/fajaramaulana/auth-serivce-payment/internal/repository/auth_repository_impl.go:41.3,41.18 1 0
github.com/fajaramaulana/auth-serivce-payment/internal/repository/auth_repository_impl.go:43.2,43.19 1 1
github.com/fajaramaulana/auth-serivce-payment/internal/repository/auth_repository_impl.go:47.83,52.41 4 1
github.com/fajaramaulana/auth-serivce-payment/internal/repository/auth_repository_impl.go:52.41,54.3 1 0
github.com/fajaramaulana/auth-serivce-payment/internal/repository/auth_repository_impl.go:55.2,55.23 1 1
github.com/fajaramaulana/auth-serivce-payment/internal/repository/auth_repository_impl.go:59.89,64.41 4 1
github.com/fajaramaulana/auth-serivce-payment/internal/repository/auth_repository_impl.go:64.41,66.3 1 0
github.com/fajaramaulana/auth-serivce-payment/internal/repository/auth_repository_impl.go:67.2,67.23 1 1
github.com/fajaramaulana/auth-serivce-payment/internal/repository/auth_repository_impl.go:71.98,74.16 3 1
github.com/fajaramaulana/auth-serivce-payment/internal/repository/auth_repository_impl.go:74.16,76.3 1 0
github.com/fajaramaulana/auth-serivce-payment/internal/repository/auth_repository_impl.go:78.2,78.17 1 1
github.com/fajaramaulana/auth-serivce-payment/internal/repository/auth_repository_impl.go:81.95,86.41 4 1
github.com/fajaramaulana/auth-serivce-payment/internal/repository/auth_repository_impl.go:86.41,88.3 1 0
github.com/fajaramaulana/auth-serivce-payment/internal/repository/auth_repository_impl.go:89.2,89.23 1 1
github.com/fajaramaulana/auth-serivce-payment/internal/repository/auth_repository_impl.go:92.88,96.2 3 1
github.com/fajaramaulana/auth-serivce-payment/internal/repository/auth_repository_impl.go:98.88,102.2 3 1
