mode: set
github.com/fajaramaulana/auth-serivce-payment/mocks/mock_config.go:11.45,14.2 2 0
github.com/fajaramaulana/auth-serivce-payment/mocks/mock_database.go:10.38,13.2 2 0
github.com/fajaramaulana/auth-serivce-payment/mocks/mock_hashpassword.go:11.82,13.36 2 0
github.com/fajaramaulana/auth-serivce-payment/mocks/mock_hashpassword.go:13.36,15.3 1 0
github.com/fajaramaulana/auth-serivce-payment/mocks/mock_hashpassword.go:16.2,16.27 1 0
github.com/fajaramaulana/auth-serivce-payment/mocks/mock_repository.go:14.91,17.2 2 0
github.com/fajaramaulana/auth-serivce-payment/mocks/mock_repository.go:19.79,22.2 2 0
github.com/fajaramaulana/auth-serivce-payment/mocks/mock_repository.go:24.85,27.2 2 0
github.com/fajaramaulana/auth-serivce-payment/mocks/mock_repository.go:29.94,32.2 2 0
github.com/fajaramaulana/auth-serivce-payment/mocks/mock_repository.go:34.84,37.2 2 0
github.com/fajaramaulana/auth-serivce-payment/mocks/mock_repository.go:39.84,42.2 2 0
github.com/fajaramaulana/auth-serivce-payment/mocks/mock_repository.go:44.88,47.2 2 0
github.com/fajaramaulana/auth-serivce-payment/mocks/mock_repository.go:49.94,52.2 2 0
github.com/fajaramaulana/auth-serivce-payment/mocks/mock_token.go:12.76,15.2 2 0
github.com/fajaramaulana/auth-serivce-payment/mocks/mock_token.go:17.88,20.2 2 0
github.com/fajaramaulana/auth-serivce-payment/cmd/auth/main.go:19.49,21.2 1 0
github.com/fajaramaulana/auth-serivce-payment/cmd/auth/main.go:23.13,28.2 3 1
github.com/fajaramaulana/auth-serivce-payment/cmd/auth/main.go:30.138,46.16 9 1
github.com/fajaramaulana/auth-serivce-payment/cmd/auth/main.go:46.16,48.3 1 1
github.com/fajaramaulana/auth-serivce-payment/cmd/auth/main.go:50.2,50.34 1 1
github.com/fajaramaulana/auth-serivce-payment/cmd/auth/main.go:53.13,56.80 3 0
github.com/fajaramaulana/auth-serivce-payment/cmd/auth/main.go:56.80,58.3 1 0
github.com/fajaramaulana/auth-serivce-payment/cmd/auth/main.go:61.131,64.16 2 1
github.com/fajaramaulana/auth-serivce-payment/cmd/auth/main.go:64.16,66.3 1 1
github.com/fajaramaulana/auth-serivce-payment/cmd/auth/main.go:69.2,69.15 1 1
github.com/fajaramaulana/auth-serivce-payment/cmd/auth/main.go:69.15,70.16 1 1
github.com/fajaramaulana/auth-serivce-payment/cmd/auth/main.go:70.16,72.4 1 1
github.com/fajaramaulana/auth-serivce-payment/cmd/auth/main.go:76.2,77.16 2 1
github.com/fajaramaulana/auth-serivce-payment/cmd/auth/main.go:77.16,79.3 1 1
github.com/fajaramaulana/auth-serivce-payment/cmd/auth/main.go:80.2,83.12 2 1
github.com/fajaramaulana/auth-serivce-payment/mocks/mock_config.go:11.45,14.2 2 0
github.com/fajaramaulana/auth-serivce-payment/mocks/mock_database.go:10.38,13.2 2 0
github.com/fajaramaulana/auth-serivce-payment/mocks/mock_hashpassword.go:11.82,13.36 2 0
github.com/fajaramaulana/auth-serivce-payment/mocks/mock_hashpassword.go:13.36,15.3 1 0
github.com/fajaramaulana/auth-serivce-payment/mocks/mock_hashpassword.go:16.2,16.27 1 0
github.com/fajaramaulana/auth-serivce-payment/mocks/mock_repository.go:14.91,17.2 2 0
github.com/fajaramaulana/auth-serivce-payment/mocks/mock_repository.go:19.79,22.2 2 0
github.com/fajaramaulana/auth-serivce-payment/mocks/mock_repository.go:24.85,27.2 2 0
github.com/fajaramaulana/auth-serivce-payment/mocks/mock_repository.go:29.94,32.2 2 0
github.com/fajaramaulana/auth-serivce-payment/mocks/mock_repository.go:34.84,37.2 2 0
github.com/fajaramaulana/auth-serivce-payment/mocks/mock_repository.go:39.84,42.2 2 0
github.com/fajaramaulana/auth-serivce-payment/mocks/mock_repository.go:44.88,47.2 2 0
github.com/fajaramaulana/auth-serivce-payment/mocks/mock_repository.go:49.94,52.2 2 0
github.com/fajaramaulana/auth-serivce-payment/mocks/mock_token.go:12.76,15.2 2 0
github.com/fajaramaulana/auth-serivce-payment/mocks/mock_token.go:17.88,20.2 2 0
github.com/fajaramaulana/auth-serivce-payment/internal/repository/auth_repository_impl.go:13.51,15.2 1 1
github.com/fajaramaulana/auth-serivce-payment/internal/repository/auth_repository_impl.go:17.98,22.88 4 1
github.com/fajaramaulana/auth-serivce-payment/internal/repository/auth_repository_impl.go:22.88,23.27 1 1
github.com/fajaramaulana/auth-serivce-payment/internal/repository/auth_repository_impl.go:23.27,25.4 1 1
github.com/fajaramaulana/auth-serivce-payment/internal/repository/auth_repository_impl.go:26.3,26.18 1 0
github.com/fajaramaulana/auth-serivce-payment/internal/repository/auth_repository_impl.go:28.2,28.19 1 1
github.com/fajaramaulana/auth-serivce-payment/internal/repository/auth_repository_impl.go:32.92,37.88 4 1
github.com/fajaramaulana/auth-serivce-payment/internal/repository/auth_repository_impl.go:37.88,38.27 1 1
github.com/fajaramaulana/auth-serivce-payment/internal/repository/auth_repository_impl.go:38.27,40.4 1 1
github.com/fajaramaulana/auth-serivce-payment/internal/repository/auth_repository_impl.go:41.3,41.18 1 0
github.com/fajaramaulana/auth-serivce-payment/internal/repository/auth_repository_impl.go:43.2,43.19 1 1
github.com/fajaramaulana/auth-serivce-payment/internal/repository/auth_repository_impl.go:47.83,52.41 4 1
github.com/fajaramaulana/auth-serivce-payment/internal/repository/auth_repository_impl.go:52.41,54.3 1 0
github.com/fajaramaulana/auth-serivce-payment/internal/repository/auth_repository_impl.go:55.2,55.23 1 1
github.com/fajaramaulana/auth-serivce-payment/internal/repository/auth_repository_impl.go:59.89,64.41 4 1
github.com/fajaramaulana/auth-serivce-payment/internal/repository/auth_repository_impl.go:64.41,66.3 1 0
github.com/fajaramaulana/auth-serivce-payment/internal/repository/auth_repository_impl.go:67.2,67.23 1 1
github.com/fajaramaulana/auth-serivce-payment/internal/repository/auth_repository_impl.go:71.98,73.16 2 1
github.com/fajaramaulana/auth-serivce-payment/internal/repository/auth_repository_impl.go:73.16,75.3 1 0
github.com/fajaramaulana/auth-serivce-payment/internal/repository/auth_repository_impl.go:77.2,79.16 3 1
github.com/fajaramaulana/auth-serivce-payment/internal/repository/auth_repository_impl.go:79.16,82.3 2 0
github.com/fajaramaulana/auth-serivce-payment/internal/repository/auth_repository_impl.go:84.2,85.16 2 1
github.com/fajaramaulana/auth-serivce-payment/internal/repository/auth_repository_impl.go:85.16,87.3 1 0
github.com/fajaramaulana/auth-serivce-payment/internal/repository/auth_repository_impl.go:89.2,89.17 1 1
github.com/fajaramaulana/auth-serivce-payment/internal/repository/auth_repository_impl.go:92.95,97.41 4 1
github.com/fajaramaulana/auth-serivce-payment/internal/repository/auth_repository_impl.go:97.41,99.3 1 0
github.com/fajaramaulana/auth-serivce-payment/internal/repository/auth_repository_impl.go:100.2,100.23 1 1
github.com/fajaramaulana/auth-serivce-payment/internal/repository/auth_repository_impl.go:103.88,107.2 3 1
github.com/fajaramaulana/auth-serivce-payment/internal/repository/auth_repository_impl.go:109.88,113.2 3 1
github.com/fajaramaulana/auth-serivce-payment/internal/config/config.go:19.50,21.2 1 1
github.com/fajaramaulana/auth-serivce-payment/internal/config/config.go:23.35,25.49 2 1
github.com/fajaramaulana/auth-serivce-payment/internal/config/config.go:25.49,27.3 1 0
github.com/fajaramaulana/auth-serivce-payment/internal/config/config.go:29.2,29.22 1 1
github.com/fajaramaulana/auth-serivce-payment/internal/config/config.go:32.33,34.16 2 1
github.com/fajaramaulana/auth-serivce-payment/internal/config/config.go:34.16,36.3 1 0
github.com/fajaramaulana/auth-serivce-payment/internal/config/config.go:39.2,42.22 3 1
github.com/fajaramaulana/auth-serivce-payment/internal/config/mysql.go:11.53,20.16 8 1
github.com/fajaramaulana/auth-serivce-payment/internal/config/mysql.go:20.16,22.3 1 1
github.com/fajaramaulana/auth-serivce-payment/internal/config/mysql.go:23.2,26.16 3 1
github.com/fajaramaulana/auth-serivce-payment/internal/config/mysql.go:26.16,28.3 1 0
github.com/fajaramaulana/auth-serivce-payment/internal/config/mysql.go:30.2,30.16 1 1
github.com/fajaramaulana/auth-serivce-payment/internal/service/auth_service_impl.go:28.161,35.2 1 1
github.com/fajaramaulana/auth-serivce-payment/internal/service/auth_service_impl.go:37.111,41.16 3 1
github.com/fajaramaulana/auth-serivce-payment/internal/service/auth_service_impl.go:41.16,44.3 2 1
github.com/fajaramaulana/auth-serivce-payment/internal/service/auth_service_impl.go:46.2,46.17 1 1
github.com/fajaramaulana/auth-serivce-payment/internal/service/auth_service_impl.go:46.17,49.3 2 1
github.com/fajaramaulana/auth-serivce-payment/internal/service/auth_service_impl.go:52.2,52.104 1 1
github.com/fajaramaulana/auth-serivce-payment/internal/service/auth_service_impl.go:52.104,55.3 2 1
github.com/fajaramaulana/auth-serivce-payment/internal/service/auth_service_impl.go:57.2,58.16 2 1
github.com/fajaramaulana/auth-serivce-payment/internal/service/auth_service_impl.go:58.16,61.3 2 1
github.com/fajaramaulana/auth-serivce-payment/internal/service/auth_service_impl.go:63.2,64.16 2 1
github.com/fajaramaulana/auth-serivce-payment/internal/service/auth_service_impl.go:64.16,67.3 2 0
github.com/fajaramaulana/auth-serivce-payment/internal/service/auth_service_impl.go:69.2,70.139 2 1
github.com/fajaramaulana/auth-serivce-payment/internal/service/auth_service_impl.go:73.120,77.16 3 1
github.com/fajaramaulana/auth-serivce-payment/internal/service/auth_service_impl.go:77.16,80.3 2 1
github.com/fajaramaulana/auth-serivce-payment/internal/service/auth_service_impl.go:82.2,82.19 1 1
github.com/fajaramaulana/auth-serivce-payment/internal/service/auth_service_impl.go:82.19,85.3 2 1
github.com/fajaramaulana/auth-serivce-payment/internal/service/auth_service_impl.go:87.2,88.16 2 1
github.com/fajaramaulana/auth-serivce-payment/internal/service/auth_service_impl.go:88.16,91.3 2 1
github.com/fajaramaulana/auth-serivce-payment/internal/service/auth_service_impl.go:93.2,93.16 1 1
github.com/fajaramaulana/auth-serivce-payment/internal/service/auth_service_impl.go:93.16,96.3 2 1
github.com/fajaramaulana/auth-serivce-payment/internal/service/auth_service_impl.go:98.2,99.16 2 1
github.com/fajaramaulana/auth-serivce-payment/internal/service/auth_service_impl.go:99.16,102.3 2 1
github.com/fajaramaulana/auth-serivce-payment/internal/service/auth_service_impl.go:105.2,106.16 2 1
github.com/fajaramaulana/auth-serivce-payment/internal/service/auth_service_impl.go:106.16,109.3 2 1
github.com/fajaramaulana/auth-serivce-payment/internal/service/auth_service_impl.go:112.2,123.16 3 1
github.com/fajaramaulana/auth-serivce-payment/internal/service/auth_service_impl.go:123.16,126.3 2 1
github.com/fajaramaulana/auth-serivce-payment/internal/service/auth_service_impl.go:127.2,128.16 2 1
github.com/fajaramaulana/auth-serivce-payment/internal/service/auth_service_impl.go:128.16,131.3 2 0
github.com/fajaramaulana/auth-serivce-payment/internal/service/auth_service_impl.go:134.2,136.16 3 1
github.com/fajaramaulana/auth-serivce-payment/internal/service/auth_service_impl.go:136.16,139.3 2 0
github.com/fajaramaulana/auth-serivce-payment/internal/service/auth_service_impl.go:141.2,142.16 2 1
github.com/fajaramaulana/auth-serivce-payment/internal/service/auth_service_impl.go:142.16,145.3 2 1
github.com/fajaramaulana/auth-serivce-payment/internal/service/auth_service_impl.go:147.2,149.149 2 1
github.com/fajaramaulana/auth-serivce-payment/internal/service/auth_service_impl.go:152.128,156.16 3 1
github.com/fajaramaulana/auth-serivce-payment/internal/service/auth_service_impl.go:156.16,159.3 2 0
github.com/fajaramaulana/auth-serivce-payment/internal/service/auth_service_impl.go:162.2,163.33 2 1
github.com/fajaramaulana/auth-serivce-payment/internal/service/auth_service_impl.go:163.33,166.3 2 0
github.com/fajaramaulana/auth-serivce-payment/internal/service/auth_service_impl.go:168.2,169.16 2 1
github.com/fajaramaulana/auth-serivce-payment/internal/service/auth_service_impl.go:169.16,172.3 2 0
github.com/fajaramaulana/auth-serivce-payment/internal/service/auth_service_impl.go:174.2,179.8 1 1
github.com/fajaramaulana/auth-serivce-payment/mocks/mock_config.go:11.45,14.2 2 0
github.com/fajaramaulana/auth-serivce-payment/mocks/mock_database.go:10.38,13.2 2 0
github.com/fajaramaulana/auth-serivce-payment/mocks/mock_hashpassword.go:11.82,13.36 2 1
github.com/fajaramaulana/auth-serivce-payment/mocks/mock_hashpassword.go:13.36,15.3 1 1
github.com/fajaramaulana/auth-serivce-payment/mocks/mock_hashpassword.go:16.2,16.27 1 1
github.com/fajaramaulana/auth-serivce-payment/mocks/mock_repository.go:14.91,17.2 2 1
github.com/fajaramaulana/auth-serivce-payment/mocks/mock_repository.go:19.79,22.2 2 0
github.com/fajaramaulana/auth-serivce-payment/mocks/mock_repository.go:24.85,27.2 2 0
github.com/fajaramaulana/auth-serivce-payment/mocks/mock_repository.go:29.94,32.2 2 0
github.com/fajaramaulana/auth-serivce-payment/mocks/mock_repository.go:34.84,37.2 2 0
github.com/fajaramaulana/auth-serivce-payment/mocks/mock_repository.go:39.84,42.2 2 0
github.com/fajaramaulana/auth-serivce-payment/mocks/mock_repository.go:44.88,47.2 2 0
github.com/fajaramaulana/auth-serivce-payment/mocks/mock_repository.go:49.94,52.2 2 0
github.com/fajaramaulana/auth-serivce-payment/mocks/mock_token.go:12.76,15.2 2 1
github.com/fajaramaulana/auth-serivce-payment/mocks/mock_token.go:17.88,20.2 2 1
github.com/fajaramaulana/auth-serivce-payment/internal/utils/global.go:5.45,7.16 2 1
github.com/fajaramaulana/auth-serivce-payment/internal/utils/global.go:7.16,8.13 1 1
github.com/fajaramaulana/auth-serivce-payment/internal/utils/global.go:10.2,10.10 1 1
github.com/fajaramaulana/auth-serivce-payment/internal/utils/password_utils.go:11.41,13.2 1 1
github.com/fajaramaulana/auth-serivce-payment/internal/utils/password_utils.go:15.75,17.2 1 1
github.com/fajaramaulana/auth-serivce-payment/internal/utils/token.go:26.61,30.2 1 1
github.com/fajaramaulana/auth-serivce-payment/internal/utils/token.go:39.112,53.16 5 1
github.com/fajaramaulana/auth-serivce-payment/internal/utils/token.go:53.16,55.3 1 0
github.com/fajaramaulana/auth-serivce-payment/internal/utils/token.go:58.2,69.16 4 1
github.com/fajaramaulana/auth-serivce-payment/internal/utils/token.go:69.16,71.3 1 0
github.com/fajaramaulana/auth-serivce-payment/internal/utils/token.go:73.2,73.51 1 1
github.com/fajaramaulana/auth-serivce-payment/internal/utils/token.go:77.77,80.110 2 1
github.com/fajaramaulana/auth-serivce-payment/internal/utils/token.go:80.110,82.58 1 1
github.com/fajaramaulana/auth-serivce-payment/internal/utils/token.go:82.58,84.4 1 0
github.com/fajaramaulana/auth-serivce-payment/internal/utils/token.go:85.3,85.32 1 1
github.com/fajaramaulana/auth-serivce-payment/internal/utils/token.go:88.2,88.16 1 1
github.com/fajaramaulana/auth-serivce-payment/internal/utils/token.go:88.16,90.3 1 0
github.com/fajaramaulana/auth-serivce-payment/internal/utils/token.go:93.2,93.67 1 1
github.com/fajaramaulana/auth-serivce-payment/internal/utils/token.go:93.67,95.3 1 1
github.com/fajaramaulana/auth-serivce-payment/internal/utils/token.go:97.2,97.41 1 0
